#! /opt/homebrew/Cellar/icarus-verilog/12.0/bin/vvp
:ivl_version "12.0 (stable)";
:ivl_delay_selection "TYPICAL";
:vpi_time_precision - 12;
:vpi_module "/opt/homebrew/Cellar/icarus-verilog/12.0/lib/ivl/system.vpi";
:vpi_module "/opt/homebrew/Cellar/icarus-verilog/12.0/lib/ivl/vhdl_sys.vpi";
:vpi_module "/opt/homebrew/Cellar/icarus-verilog/12.0/lib/ivl/vhdl_textio.vpi";
:vpi_module "/opt/homebrew/Cellar/icarus-verilog/12.0/lib/ivl/v2005_math.vpi";
:vpi_module "/opt/homebrew/Cellar/icarus-verilog/12.0/lib/ivl/va_math.vpi";
:vpi_module "/opt/homebrew/Cellar/icarus-verilog/12.0/lib/ivl/v2009.vpi";
S_0x14860ff10 .scope package, "$unit" "$unit" 2 1;
 .timescale 0 0;
S_0x148610b50 .scope module, "cpu_tb" "cpu_tb" 3 3;
 .timescale -9 -12;
v0x14863a710_0 .var "clk", 0 0;
v0x14863a7a0_0 .var/i "cycle_count", 31 0;
v0x14863a830_0 .net "parity_error", 0 0, L_0x14863bc10;  1 drivers
v0x14863a920_0 .net "pc_value", 31 0, v0x148637730_0;  1 drivers
v0x14863a9b0_0 .var "rst", 0 0;
S_0x14861ac10 .scope autotask, "display_registers" "display_registers" 3 26, 3 26 0, S_0x148610b50;
 .timescale -9 -12;
v0x148620850_0 .var/i "i", 31 0;
TD_cpu_tb.display_registers ;
    %vpi_call/w 3 29 "$display", "Register file snapshot:" {0 0 0};
    %pushi/vec4 0, 0, 32;
    %store/vec4 v0x148620850_0, 0, 32;
T_0.0 ;
    %load/vec4 v0x148620850_0;
    %cmpi/s 16, 0, 32;
    %jmp/0xz T_0.1, 5;
    %load/vec4 v0x148620850_0;
    %pushi/vec4 4, 0, 32;
    %mod/s;
    %cmpi/e 0, 0, 32;
    %jmp/0xz  T_0.2, 4;
    %vpi_call/w 3 32 "$write", "   " {0 0 0};
T_0.2 ;
    %vpi_call/w 3 34 "$write", "R%0d=%h ", v0x148620850_0, &A<v0x148638b30, v0x148620850_0 > {0 0 0};
    %load/vec4 v0x148620850_0;
    %pushi/vec4 4, 0, 32;
    %mod/s;
    %cmpi/e 3, 0, 32;
    %jmp/0xz  T_0.4, 4;
    %vpi_call/w 3 36 "$display", "\000" {0 0 0};
T_0.4 ;
    %load/vec4 v0x148620850_0;
    %addi 1, 0, 32;
    %store/vec4 v0x148620850_0, 0, 32;
    %jmp T_0.0;
T_0.1 ;
    %vpi_call/w 3 39 "$display", "\000" {0 0 0};
    %end;
S_0x148633780 .scope module, "dut" "cpu_top" 3 11, 4 1 0, S_0x148610b50;
 .timescale 0 0;
    .port_info 0 /INPUT 1 "clk";
    .port_info 1 /INPUT 1 "rst";
    .port_info 2 /OUTPUT 32 "pc_value";
    .port_info 3 /OUTPUT 1 "parity_error";
L_0x150078130 .functor BUFT 1, C4<1111>, C4<0>, C4<0>, C4<0>;
v0x1486390f0_0 .net/2u *"_ivl_0", 3 0, L_0x150078130;  1 drivers
L_0x150078178 .functor BUFT 1, C4<0000000000000000>, C4<0>, C4<0>, C4<0>;
v0x1486391b0_0 .net/2u *"_ivl_10", 15 0, L_0x150078178;  1 drivers
v0x148639250_0 .net *"_ivl_15", 15 0, L_0x14863c500;  1 drivers
v0x1486392e0_0 .net *"_ivl_5", 0 0, L_0x14863be60;  1 drivers
v0x148639380_0 .net *"_ivl_6", 15 0, L_0x14863bf00;  1 drivers
v0x148639470_0 .var "acc", 31 0;
v0x148639520_0 .net "alu_ctrl", 3 0, v0x148635e80_0;  1 drivers
v0x148639600_0 .net "alu_operand_b", 31 0, L_0x14863c6c0;  1 drivers
v0x148639690_0 .net "alu_result", 31 0, L_0x14863e950;  1 drivers
v0x1486397a0_0 .net "alu_result_raw", 31 0, v0x148635830_0;  1 drivers
v0x148639860_0 .net "alu_src_imm", 0 0, v0x148635f50_0;  1 drivers
v0x1486398f0_0 .net "clk", 0 0, v0x14863a710_0;  1 drivers
v0x1486399c0_0 .net "imm16", 15 0, L_0x14863ad80;  1 drivers
v0x148639a50_0 .net "imm_ext", 31 0, L_0x14863c030;  1 drivers
v0x148639ae0_0 .net "imm_high_merge", 31 0, L_0x14863c5a0;  1 drivers
v0x148639b70_0 .net "imm_low", 31 0, L_0x14863c3f0;  1 drivers
v0x148639c20_0 .net "instruction", 31 0, v0x148637240_0;  1 drivers
v0x148639e00_0 .net "is_acc_opcode", 0 0, L_0x14863bd40;  1 drivers
v0x148639e90_0 .net "opcode", 3 0, L_0x14863aa80;  1 drivers
v0x148639f20_0 .net "parity_error", 0 0, L_0x14863bc10;  alias, 1 drivers
v0x148639fb0_0 .net "pc_value", 31 0, v0x148637730_0;  alias, 1 drivers
v0x14863a080_0 .net "rd", 3 0, L_0x14863ab20;  1 drivers
v0x14863a150_0 .net "reg_write", 0 0, v0x1486360a0_0;  1 drivers
v0x14863a220_0 .net "rs1", 3 0, L_0x14863ac40;  1 drivers
v0x14863a2f0_0 .net "rs1_data", 31 0, L_0x14863b050;  1 drivers
v0x14863a3c0_0 .net "rs2", 3 0, L_0x14863ace0;  1 drivers
v0x14863a490_0 .net "rs2_data", 31 0, L_0x14863b340;  1 drivers
v0x14863a520_0 .net "rst", 0 0, v0x14863a9b0_0;  1 drivers
v0x14863a5f0_0 .var "write_back_data", 31 0;
v0x14863a680_0 .net "writeback_sel", 1 0, v0x148636140_0;  1 drivers
E_0x1486339b0 .event anyedge, v0x148636140_0, v0x148639690_0, v0x148639b70_0, v0x148639ae0_0;
L_0x14863bd40 .cmp/eq 4, L_0x14863aa80, L_0x150078130;
L_0x14863be60 .part L_0x14863ad80, 15, 1;
LS_0x14863bf00_0_0 .concat [ 1 1 1 1], L_0x14863be60, L_0x14863be60, L_0x14863be60, L_0x14863be60;
LS_0x14863bf00_0_4 .concat [ 1 1 1 1], L_0x14863be60, L_0x14863be60, L_0x14863be60, L_0x14863be60;
LS_0x14863bf00_0_8 .concat [ 1 1 1 1], L_0x14863be60, L_0x14863be60, L_0x14863be60, L_0x14863be60;
LS_0x14863bf00_0_12 .concat [ 1 1 1 1], L_0x14863be60, L_0x14863be60, L_0x14863be60, L_0x14863be60;
L_0x14863bf00 .concat [ 4 4 4 4], LS_0x14863bf00_0_0, LS_0x14863bf00_0_4, LS_0x14863bf00_0_8, LS_0x14863bf00_0_12;
L_0x14863c030 .concat [ 16 16 0 0], L_0x14863ad80, L_0x14863bf00;
L_0x14863c3f0 .concat [ 16 16 0 0], L_0x14863ad80, L_0x150078178;
L_0x14863c500 .part L_0x14863b050, 0, 16;
L_0x14863c5a0 .concat [ 16 16 0 0], L_0x14863c500, L_0x14863ad80;
L_0x14863c6c0 .functor MUXZ 32, L_0x14863b340, L_0x14863c030, v0x148635f50_0, C4<>;
L_0x14863e950 .functor MUXZ 32, v0x148635830_0, v0x148639470_0, L_0x14863bd40, C4<>;
S_0x148633a10 .scope module, "alu_i" "alu" 4 88, 5 1 0, S_0x148633780;
 .timescale 0 0;
    .port_info 0 /INPUT 32 "a";
    .port_info 1 /INPUT 32 "b";
    .port_info 2 /INPUT 4 "opcode";
    .port_info 3 /OUTPUT 32 "result";
L_0x14863e3f0 .functor BUFZ 32, L_0x14863b050, C4<00000000000000000000000000000000>, C4<00000000000000000000000000000000>, C4<00000000000000000000000000000000>;
v0x148633cf0_0 .net/s *"_ivl_16", 15 0, L_0x14863cf00;  1 drivers
v0x148633db0_0 .net/s *"_ivl_18", 15 0, L_0x14863d030;  1 drivers
v0x148633e60_0 .net/s *"_ivl_22", 15 0, L_0x14863d250;  1 drivers
v0x148633f20_0 .net/s *"_ivl_24", 15 0, L_0x14863d2f0;  1 drivers
v0x148633fd0_0 .net/s *"_ivl_28", 15 0, L_0x14863d520;  1 drivers
v0x1486340c0_0 .net/s *"_ivl_30", 15 0, L_0x14863d680;  1 drivers
v0x148634170_0 .net/s *"_ivl_34", 15 0, L_0x14863d8d0;  1 drivers
v0x148634220_0 .net/s *"_ivl_36", 15 0, L_0x14863d970;  1 drivers
v0x1486342d0_0 .net/s *"_ivl_40", 31 0, L_0x14863db50;  1 drivers
v0x1486343e0_0 .net/s *"_ivl_42", 31 0, L_0x14863da10;  1 drivers
v0x148634490_0 .net/s *"_ivl_44", 31 0, L_0x14863dce0;  1 drivers
v0x148634540_0 .net/s *"_ivl_46", 31 0, L_0x14863dee0;  1 drivers
v0x1486345f0_0 .net/s *"_ivl_48", 31 0, L_0x14863df80;  1 drivers
v0x1486346a0_0 .net/s *"_ivl_50", 31 0, L_0x14863e0f0;  1 drivers
v0x148634750_0 .net/s *"_ivl_54", 31 0, L_0x14863e310;  1 drivers
v0x148634800_0 .net/s *"_ivl_56", 31 0, L_0x14863e020;  1 drivers
v0x1486348b0_0 .net/s *"_ivl_58", 31 0, L_0x14863e4a0;  1 drivers
v0x148634a40_0 .net/s *"_ivl_60", 31 0, L_0x14863e270;  1 drivers
v0x148634ad0_0 .net *"_ivl_68", 30 0, L_0x14863e7a0;  1 drivers
v0x148634b80_0 .net "a", 31 0, L_0x14863b050;  alias, 1 drivers
v0x148634c30_0 .net/s "a_lane0", 7 0, L_0x14863c860;  1 drivers
v0x148634ce0_0 .net/s "a_lane1", 7 0, L_0x14863c900;  1 drivers
v0x148634d90_0 .net/s "a_lane2", 7 0, L_0x14863c9a0;  1 drivers
v0x148634e40_0 .net/s "a_lane3", 7 0, L_0x14863cb40;  1 drivers
v0x148634ef0_0 .net "b", 31 0, L_0x14863c6c0;  alias, 1 drivers
v0x148634fa0_0 .net/s "b_lane0", 7 0, L_0x14863cbe0;  1 drivers
v0x148635050_0 .net/s "b_lane1", 7 0, L_0x14863cc80;  1 drivers
v0x148635100_0 .net/s "b_lane2", 7 0, L_0x14863cda0;  1 drivers
v0x1486351b0_0 .net/s "b_lane3", 7 0, L_0x14863ce40;  1 drivers
v0x148635260_0 .net/s "conv3_result", 31 0, L_0x14863e6a0;  1 drivers
v0x148635310_0 .net/s "mac4_result", 31 0, L_0x14863e190;  1 drivers
v0x1486353c0_0 .net "opcode", 3 0, v0x148635e80_0;  alias, 1 drivers
v0x148635470_0 .net/s "prod0", 15 0, L_0x14863d0d0;  1 drivers
v0x148634960_0 .net/s "prod1", 15 0, L_0x14863d440;  1 drivers
v0x148635700_0 .net/s "prod2", 15 0, L_0x14863d720;  1 drivers
v0x148635790_0 .net/s "prod3", 15 0, L_0x14863dab0;  1 drivers
v0x148635830_0 .var "result", 31 0;
v0x1486358e0_0 .net/s "sigmoid_shift", 31 0, L_0x14863e580;  1 drivers
v0x148635990_0 .net/s "signed_a", 31 0, L_0x14863e3f0;  1 drivers
E_0x148633c60/0 .event anyedge, v0x1486353c0_0, v0x148634b80_0, v0x148634ef0_0, v0x148635310_0;
E_0x148633c60/1 .event anyedge, v0x148635260_0, v0x148635990_0, v0x1486358e0_0;
E_0x148633c60 .event/or E_0x148633c60/0, E_0x148633c60/1;
L_0x14863c860 .part L_0x14863b050, 0, 8;
L_0x14863c900 .part L_0x14863b050, 8, 8;
L_0x14863c9a0 .part L_0x14863b050, 16, 8;
L_0x14863cb40 .part L_0x14863b050, 24, 8;
L_0x14863cbe0 .part L_0x14863c6c0, 0, 8;
L_0x14863cc80 .part L_0x14863c6c0, 8, 8;
L_0x14863cda0 .part L_0x14863c6c0, 16, 8;
L_0x14863ce40 .part L_0x14863c6c0, 24, 8;
L_0x14863cf00 .extend/s 16, L_0x14863c860;
L_0x14863d030 .extend/s 16, L_0x14863cbe0;
L_0x14863d0d0 .arith/mult 16, L_0x14863cf00, L_0x14863d030;
L_0x14863d250 .extend/s 16, L_0x14863c900;
L_0x14863d2f0 .extend/s 16, L_0x14863cc80;
L_0x14863d440 .arith/mult 16, L_0x14863d250, L_0x14863d2f0;
L_0x14863d520 .extend/s 16, L_0x14863c9a0;
L_0x14863d680 .extend/s 16, L_0x14863cda0;
L_0x14863d720 .arith/mult 16, L_0x14863d520, L_0x14863d680;
L_0x14863d8d0 .extend/s 16, L_0x14863cb40;
L_0x14863d970 .extend/s 16, L_0x14863ce40;
L_0x14863dab0 .arith/mult 16, L_0x14863d8d0, L_0x14863d970;
L_0x14863db50 .extend/s 32, L_0x14863d0d0;
L_0x14863da10 .extend/s 32, L_0x14863d440;
L_0x14863dce0 .arith/sum 32, L_0x14863db50, L_0x14863da10;
L_0x14863dee0 .extend/s 32, L_0x14863d720;
L_0x14863df80 .arith/sum 32, L_0x14863dce0, L_0x14863dee0;
L_0x14863e0f0 .extend/s 32, L_0x14863dab0;
L_0x14863e190 .arith/sum 32, L_0x14863df80, L_0x14863e0f0;
L_0x14863e310 .extend/s 32, L_0x14863d0d0;
L_0x14863e020 .extend/s 32, L_0x14863d440;
L_0x14863e4a0 .arith/sum 32, L_0x14863e310, L_0x14863e020;
L_0x14863e270 .extend/s 32, L_0x14863d720;
L_0x14863e6a0 .arith/sum 32, L_0x14863e4a0, L_0x14863e270;
L_0x14863e7a0 .part L_0x14863e3f0, 1, 31;
L_0x14863e580 .extend/s 32, L_0x14863e7a0;
S_0x148635aa0 .scope module, "ctrl_i" "control_unit" 4 51, 6 1 0, S_0x148633780;
 .timescale 0 0;
    .port_info 0 /INPUT 4 "opcode";
    .port_info 1 /OUTPUT 1 "reg_write";
    .port_info 2 /OUTPUT 1 "alu_src_imm";
    .port_info 3 /OUTPUT 4 "alu_op";
    .port_info 4 /OUTPUT 2 "writeback_sel";
P_0x148635c10 .param/l "WB_ALU" 1 6 8, C4<00>;
P_0x148635c50 .param/l "WB_IMM_HIGH" 1 6 10, C4<10>;
P_0x148635c90 .param/l "WB_IMM_LOW" 1 6 9, C4<01>;
v0x148635e80_0 .var "alu_op", 3 0;
v0x148635f50_0 .var "alu_src_imm", 0 0;
v0x148635fe0_0 .net "opcode", 3 0, L_0x14863aa80;  alias, 1 drivers
v0x1486360a0_0 .var "reg_write", 0 0;
v0x148636140_0 .var "writeback_sel", 1 0;
E_0x148635e40 .event anyedge, v0x148635fe0_0;
S_0x1486362b0 .scope module, "decoder_i" "decoder" 4 42, 7 1 0, S_0x148633780;
 .timescale 0 0;
    .port_info 0 /INPUT 32 "instruction";
    .port_info 1 /OUTPUT 4 "opcode";
    .port_info 2 /OUTPUT 4 "rd";
    .port_info 3 /OUTPUT 4 "rs1";
    .port_info 4 /OUTPUT 4 "rs2";
    .port_info 5 /OUTPUT 16 "imm16";
v0x148636500_0 .net "imm16", 15 0, L_0x14863ad80;  alias, 1 drivers
v0x1486365b0_0 .net "instruction", 31 0, v0x148637240_0;  alias, 1 drivers
v0x148636660_0 .net "opcode", 3 0, L_0x14863aa80;  alias, 1 drivers
v0x148636730_0 .net "rd", 3 0, L_0x14863ab20;  alias, 1 drivers
v0x1486367d0_0 .net "rs1", 3 0, L_0x14863ac40;  alias, 1 drivers
v0x1486368c0_0 .net "rs2", 3 0, L_0x14863ace0;  alias, 1 drivers
L_0x14863aa80 .part v0x148637240_0, 28, 4;
L_0x14863ab20 .part v0x148637240_0, 24, 4;
L_0x14863ac40 .part v0x148637240_0, 20, 4;
L_0x14863ace0 .part v0x148637240_0, 16, 4;
L_0x14863ad80 .part v0x148637240_0, 0, 16;
S_0x148636a00 .scope module, "imem_i" "instruction_memory" 4 37, 8 1 0, S_0x148633780;
 .timescale 0 0;
    .port_info 0 /INPUT 32 "pc";
    .port_info 1 /OUTPUT 32 "instruction";
P_0x148636bc0 .param/l "OP_ACC" 1 8 15, C4<1111>;
P_0x148636c00 .param/l "OP_ADD" 1 8 5, C4<0000>;
P_0x148636c40 .param/l "OP_AND" 1 8 7, C4<0010>;
P_0x148636c80 .param/l "OP_CONV3" 1 8 13, C4<1101>;
P_0x148636cc0 .param/l "OP_LOADHI" 1 8 11, C4<0110>;
P_0x148636d00 .param/l "OP_LOADI" 1 8 10, C4<0101>;
P_0x148636d40 .param/l "OP_MAC4" 1 8 12, C4<1000>;
P_0x148636d80 .param/l "OP_OR" 1 8 8, C4<0011>;
P_0x148636dc0 .param/l "OP_SIGMOID" 1 8 14, C4<1110>;
P_0x148636e00 .param/l "OP_SUB" 1 8 6, C4<0001>;
P_0x148636e40 .param/l "OP_XOR" 1 8 9, C4<0100>;
v0x148637240_0 .var "instruction", 31 0;
v0x148637310_0 .net "pc", 31 0, v0x148637730_0;  alias, 1 drivers
E_0x1486371e0 .event anyedge, v0x148637310_0;
S_0x1486373e0 .scope module, "pc_i" "pc" 4 31, 9 1 0, S_0x148633780;
 .timescale 0 0;
    .port_info 0 /INPUT 1 "clk";
    .port_info 1 /INPUT 1 "rst";
    .port_info 2 /OUTPUT 32 "pc_out";
v0x148637680_0 .net "clk", 0 0, v0x14863a710_0;  alias, 1 drivers
v0x148637730_0 .var "pc_out", 31 0;
v0x1486377f0_0 .net "rst", 0 0, v0x14863a9b0_0;  alias, 1 drivers
E_0x148637630 .event posedge, v0x148637680_0;
S_0x1486378e0 .scope module, "regfile_i" "regfile" 4 59, 10 1 0, S_0x148633780;
 .timescale 0 0;
    .port_info 0 /INPUT 1 "clk";
    .port_info 1 /INPUT 1 "rst";
    .port_info 2 /INPUT 1 "we";
    .port_info 3 /INPUT 4 "rs1";
    .port_info 4 /INPUT 4 "rs2";
    .port_info 5 /INPUT 4 "rd";
    .port_info 6 /INPUT 32 "wd";
    .port_info 7 /OUTPUT 32 "rd1";
    .port_info 8 /OUTPUT 32 "rd2";
    .port_info 9 /OUTPUT 1 "parity_error";
L_0x14863b050 .functor BUFZ 32, L_0x14863ae50, C4<00000000000000000000000000000000>, C4<00000000000000000000000000000000>, C4<00000000000000000000000000000000>;
L_0x14863b340 .functor BUFZ 32, L_0x14863b100, C4<00000000000000000000000000000000>, C4<00000000000000000000000000000000>, C4<00000000000000000000000000000000>;
L_0x14863b740 .functor XOR 1, L_0x14863b430, L_0x14863b620, C4<0>, C4<0>;
L_0x14863bae0 .functor XOR 1, L_0x14863b850, L_0x14863ba40, C4<0>, C4<0>;
L_0x14863bc10 .functor OR 1, L_0x14863b740, L_0x14863bae0, C4<0>, C4<0>;
v0x148637be0_0 .net *"_ivl_0", 31 0, L_0x14863ae50;  1 drivers
v0x148637ca0_0 .net *"_ivl_10", 5 0, L_0x14863b1c0;  1 drivers
L_0x150078058 .functor BUFT 1, C4<00>, C4<0>, C4<0>, C4<0>;
v0x148637d40_0 .net *"_ivl_13", 1 0, L_0x150078058;  1 drivers
v0x148637df0_0 .net *"_ivl_16", 0 0, L_0x14863b430;  1 drivers
v0x148637ea0_0 .net *"_ivl_18", 5 0, L_0x14863b500;  1 drivers
v0x148637f90_0 .net *"_ivl_2", 5 0, L_0x14863aef0;  1 drivers
L_0x1500780a0 .functor BUFT 1, C4<00>, C4<0>, C4<0>, C4<0>;
v0x148638040_0 .net *"_ivl_21", 1 0, L_0x1500780a0;  1 drivers
v0x1486380f0_0 .net *"_ivl_23", 0 0, L_0x14863b620;  1 drivers
v0x148638190_0 .net *"_ivl_26", 0 0, L_0x14863b850;  1 drivers
v0x1486382a0_0 .net *"_ivl_28", 5 0, L_0x14863b8f0;  1 drivers
L_0x1500780e8 .functor BUFT 1, C4<00>, C4<0>, C4<0>, C4<0>;
v0x148638350_0 .net *"_ivl_31", 1 0, L_0x1500780e8;  1 drivers
v0x148638400_0 .net *"_ivl_33", 0 0, L_0x14863ba40;  1 drivers
L_0x150078010 .functor BUFT 1, C4<00>, C4<0>, C4<0>, C4<0>;
v0x1486384a0_0 .net *"_ivl_5", 1 0, L_0x150078010;  1 drivers
v0x148638550_0 .net *"_ivl_8", 31 0, L_0x14863b100;  1 drivers
v0x148638600_0 .net "clk", 0 0, v0x14863a710_0;  alias, 1 drivers
v0x1486386b0_0 .var/i "i", 31 0;
v0x148638740 .array "parity_bits", 15 0, 0 0;
v0x1486388d0_0 .net "parity_error", 0 0, L_0x14863bc10;  alias, 1 drivers
v0x148638960_0 .net "rd", 3 0, L_0x14863ab20;  alias, 1 drivers
v0x148638a10_0 .net "rd1", 31 0, L_0x14863b050;  alias, 1 drivers
v0x148638aa0_0 .net "rd2", 31 0, L_0x14863b340;  alias, 1 drivers
v0x148638b30 .array "regs", 15 0, 31 0;
v0x148638bc0_0 .net "rs1", 3 0, L_0x14863ac40;  alias, 1 drivers
v0x148638c50_0 .net "rs1_parity_mismatch", 0 0, L_0x14863b740;  1 drivers
v0x148638ce0_0 .net "rs2", 3 0, L_0x14863ace0;  alias, 1 drivers
v0x148638d90_0 .net "rs2_parity_mismatch", 0 0, L_0x14863bae0;  1 drivers
v0x148638e20_0 .net "rst", 0 0, v0x14863a9b0_0;  alias, 1 drivers
v0x148638ed0_0 .net "wd", 31 0, v0x14863a5f0_0;  1 drivers
v0x148638f60_0 .net "we", 0 0, v0x1486360a0_0;  alias, 1 drivers
L_0x14863ae50 .array/port v0x148638b30, L_0x14863aef0;
L_0x14863aef0 .concat [ 4 2 0 0], L_0x14863ac40, L_0x150078010;
L_0x14863b100 .array/port v0x148638b30, L_0x14863b1c0;
L_0x14863b1c0 .concat [ 4 2 0 0], L_0x14863ace0, L_0x150078058;
L_0x14863b430 .array/port v0x148638740, L_0x14863b500;
L_0x14863b500 .concat [ 4 2 0 0], L_0x14863ac40, L_0x1500780a0;
L_0x14863b620 .reduce/xor L_0x14863b050;
L_0x14863b850 .array/port v0x148638740, L_0x14863b8f0;
L_0x14863b8f0 .concat [ 4 2 0 0], L_0x14863ace0, L_0x1500780e8;
L_0x14863ba40 .reduce/xor L_0x14863b340;
    .scope S_0x1486373e0;
T_1 ;
    %wait E_0x148637630;
    %load/vec4 v0x1486377f0_0;
    %flag_set/vec4 8;
    %jmp/0xz  T_1.0, 8;
    %pushi/vec4 0, 0, 32;
    %assign/vec4 v0x148637730_0, 0;
    %jmp T_1.1;
T_1.0 ;
    %load/vec4 v0x148637730_0;
    %addi 4, 0, 32;
    %assign/vec4 v0x148637730_0, 0;
T_1.1 ;
    %jmp T_1;
    .thread T_1;
    .scope S_0x148636a00;
T_2 ;
    %wait E_0x1486371e0;
    %load/vec4 v0x148637310_0;
    %parti/s 5, 2, 3;
    %dup/vec4;
    %pushi/vec4 0, 0, 5;
    %cmp/u;
    %jmp/1 T_2.0, 6;
    %dup/vec4;
    %pushi/vec4 1, 0, 5;
    %cmp/u;
    %jmp/1 T_2.1, 6;
    %dup/vec4;
    %pushi/vec4 2, 0, 5;
    %cmp/u;
    %jmp/1 T_2.2, 6;
    %dup/vec4;
    %pushi/vec4 3, 0, 5;
    %cmp/u;
    %jmp/1 T_2.3, 6;
    %dup/vec4;
    %pushi/vec4 4, 0, 5;
    %cmp/u;
    %jmp/1 T_2.4, 6;
    %dup/vec4;
    %pushi/vec4 5, 0, 5;
    %cmp/u;
    %jmp/1 T_2.5, 6;
    %dup/vec4;
    %pushi/vec4 6, 0, 5;
    %cmp/u;
    %jmp/1 T_2.6, 6;
    %dup/vec4;
    %pushi/vec4 7, 0, 5;
    %cmp/u;
    %jmp/1 T_2.7, 6;
    %dup/vec4;
    %pushi/vec4 8, 0, 5;
    %cmp/u;
    %jmp/1 T_2.8, 6;
    %dup/vec4;
    %pushi/vec4 9, 0, 5;
    %cmp/u;
    %jmp/1 T_2.9, 6;
    %dup/vec4;
    %pushi/vec4 10, 0, 5;
    %cmp/u;
    %jmp/1 T_2.10, 6;
    %dup/vec4;
    %pushi/vec4 11, 0, 5;
    %cmp/u;
    %jmp/1 T_2.11, 6;
    %dup/vec4;
    %pushi/vec4 12, 0, 5;
    %cmp/u;
    %jmp/1 T_2.12, 6;
    %dup/vec4;
    %pushi/vec4 13, 0, 5;
    %cmp/u;
    %jmp/1 T_2.13, 6;
    %dup/vec4;
    %pushi/vec4 14, 0, 5;
    %cmp/u;
    %jmp/1 T_2.14, 6;
    %dup/vec4;
    %pushi/vec4 15, 0, 5;
    %cmp/u;
    %jmp/1 T_2.15, 6;
    %dup/vec4;
    %pushi/vec4 16, 0, 5;
    %cmp/u;
    %jmp/1 T_2.16, 6;
    %dup/vec4;
    %pushi/vec4 17, 0, 5;
    %cmp/u;
    %jmp/1 T_2.17, 6;
    %dup/vec4;
    %pushi/vec4 18, 0, 5;
    %cmp/u;
    %jmp/1 T_2.18, 6;
    %dup/vec4;
    %pushi/vec4 19, 0, 5;
    %cmp/u;
    %jmp/1 T_2.19, 6;
    %pushi/vec4 0, 0, 32;
    %store/vec4 v0x148637240_0, 0, 32;
    %jmp T_2.21;
T_2.0 ;
    %pushi/vec4 1358955009, 0, 32;
    %store/vec4 v0x148637240_0, 0, 32;
    %jmp T_2.21;
T_2.1 ;
    %pushi/vec4 1628439555, 0, 32;
    %store/vec4 v0x148637240_0, 0, 32;
    %jmp T_2.21;
T_2.2 ;
    %pushi/vec4 1375733253, 0, 32;
    %store/vec4 v0x148637240_0, 0, 32;
    %jmp T_2.21;
T_2.3 ;
    %pushi/vec4 1646266375, 0, 32;
    %store/vec4 v0x148637240_0, 0, 32;
    %jmp T_2.21;
T_2.4 ;
    %pushi/vec4 2198994944, 0, 32;
    %store/vec4 v0x148637240_0, 0, 32;
    %jmp T_2.21;
T_2.5 ;
    %pushi/vec4 70254592, 0, 32;
    %store/vec4 v0x148637240_0, 0, 32;
    %jmp T_2.21;
T_2.6 ;
    %pushi/vec4 1158807552, 0, 32;
    %store/vec4 v0x148637240_0, 0, 32;
    %jmp T_2.21;
T_2.7 ;
    %pushi/vec4 1409351169, 0, 32;
    %store/vec4 v0x148637240_0, 0, 32;
    %jmp T_2.21;
T_2.8 ;
    %pushi/vec4 1681915907, 0, 32;
    %store/vec4 v0x148637240_0, 0, 32;
    %jmp T_2.21;
T_2.9 ;
    %pushi/vec4 1426063618, 0, 32;
    %store/vec4 v0x148637240_0, 0, 32;
    %jmp T_2.21;
T_2.10 ;
    %pushi/vec4 1699741951, 0, 32;
    %store/vec4 v0x148637240_0, 0, 32;
    %jmp T_2.21;
T_2.11 ;
    %pushi/vec4 3594846208, 0, 32;
    %store/vec4 v0x148637240_0, 0, 32;
    %jmp T_2.21;
T_2.12 ;
    %pushi/vec4 1459617892, 0, 32;
    %store/vec4 v0x148637240_0, 0, 32;
    %jmp T_2.21;
T_2.13 ;
    %pushi/vec4 3899654144, 0, 32;
    %store/vec4 v0x148637240_0, 0, 32;
    %jmp T_2.21;
T_2.14 ;
    %pushi/vec4 1493237680, 0, 32;
    %store/vec4 v0x148637240_0, 0, 32;
    %jmp T_2.21;
T_2.15 ;
    %pushi/vec4 1771110399, 0, 32;
    %store/vec4 v0x148637240_0, 0, 32;
    %jmp T_2.21;
T_2.16 ;
    %pushi/vec4 3935305728, 0, 32;
    %store/vec4 v0x148637240_0, 0, 32;
    %jmp T_2.21;
T_2.17 ;
    %pushi/vec4 4029677568, 0, 32;
    %store/vec4 v0x148637240_0, 0, 32;
    %jmp T_2.21;
T_2.18 ;
    %pushi/vec4 4032823296, 0, 32;
    %store/vec4 v0x148637240_0, 0, 32;
    %jmp T_2.21;
T_2.19 ;
    %pushi/vec4 4037017600, 0, 32;
    %store/vec4 v0x148637240_0, 0, 32;
    %jmp T_2.21;
T_2.21 ;
    %pop/vec4 1;
    %jmp T_2;
    .thread T_2, $push;
    .scope S_0x148635aa0;
T_3 ;
    %wait E_0x148635e40;
    %pushi/vec4 0, 0, 1;
    %store/vec4 v0x1486360a0_0, 0, 1;
    %pushi/vec4 0, 0, 1;
    %store/vec4 v0x148635f50_0, 0, 1;
    %load/vec4 v0x148635fe0_0;
    %store/vec4 v0x148635e80_0, 0, 4;
    %pushi/vec4 0, 0, 2;
    %store/vec4 v0x148636140_0, 0, 2;
    %load/vec4 v0x148635fe0_0;
    %dup/vec4;
    %pushi/vec4 0, 0, 4;
    %cmp/u;
    %jmp/1 T_3.0, 6;
    %dup/vec4;
    %pushi/vec4 1, 0, 4;
    %cmp/u;
    %jmp/1 T_3.1, 6;
    %dup/vec4;
    %pushi/vec4 2, 0, 4;
    %cmp/u;
    %jmp/1 T_3.2, 6;
    %dup/vec4;
    %pushi/vec4 3, 0, 4;
    %cmp/u;
    %jmp/1 T_3.3, 6;
    %dup/vec4;
    %pushi/vec4 4, 0, 4;
    %cmp/u;
    %jmp/1 T_3.4, 6;
    %dup/vec4;
    %pushi/vec4 8, 0, 4;
    %cmp/u;
    %jmp/1 T_3.5, 6;
    %dup/vec4;
    %pushi/vec4 5, 0, 4;
    %cmp/u;
    %jmp/1 T_3.6, 6;
    %dup/vec4;
    %pushi/vec4 6, 0, 4;
    %cmp/u;
    %jmp/1 T_3.7, 6;
    %dup/vec4;
    %pushi/vec4 13, 0, 4;
    %cmp/u;
    %jmp/1 T_3.8, 6;
    %dup/vec4;
    %pushi/vec4 14, 0, 4;
    %cmp/u;
    %jmp/1 T_3.9, 6;
    %dup/vec4;
    %pushi/vec4 15, 0, 4;
    %cmp/u;
    %jmp/1 T_3.10, 6;
    %pushi/vec4 0, 0, 1;
    %store/vec4 v0x1486360a0_0, 0, 1;
    %pushi/vec4 0, 0, 2;
    %store/vec4 v0x148636140_0, 0, 2;
    %jmp T_3.12;
T_3.0 ;
    %pushi/vec4 1, 0, 1;
    %store/vec4 v0x1486360a0_0, 0, 1;
    %pushi/vec4 0, 0, 2;
    %store/vec4 v0x148636140_0, 0, 2;
    %jmp T_3.12;
T_3.1 ;
    %pushi/vec4 1, 0, 1;
    %store/vec4 v0x1486360a0_0, 0, 1;
    %pushi/vec4 0, 0, 2;
    %store/vec4 v0x148636140_0, 0, 2;
    %jmp T_3.12;
T_3.2 ;
    %pushi/vec4 1, 0, 1;
    %store/vec4 v0x1486360a0_0, 0, 1;
    %pushi/vec4 0, 0, 2;
    %store/vec4 v0x148636140_0, 0, 2;
    %jmp T_3.12;
T_3.3 ;
    %pushi/vec4 1, 0, 1;
    %store/vec4 v0x1486360a0_0, 0, 1;
    %pushi/vec4 0, 0, 2;
    %store/vec4 v0x148636140_0, 0, 2;
    %jmp T_3.12;
T_3.4 ;
    %pushi/vec4 1, 0, 1;
    %store/vec4 v0x1486360a0_0, 0, 1;
    %pushi/vec4 0, 0, 2;
    %store/vec4 v0x148636140_0, 0, 2;
    %jmp T_3.12;
T_3.5 ;
    %pushi/vec4 1, 0, 1;
    %store/vec4 v0x1486360a0_0, 0, 1;
    %pushi/vec4 0, 0, 2;
    %store/vec4 v0x148636140_0, 0, 2;
    %jmp T_3.12;
T_3.6 ;
    %pushi/vec4 1, 0, 1;
    %store/vec4 v0x1486360a0_0, 0, 1;
    %pushi/vec4 1, 0, 2;
    %store/vec4 v0x148636140_0, 0, 2;
    %jmp T_3.12;
T_3.7 ;
    %pushi/vec4 1, 0, 1;
    %store/vec4 v0x1486360a0_0, 0, 1;
    %pushi/vec4 2, 0, 2;
    %store/vec4 v0x148636140_0, 0, 2;
    %jmp T_3.12;
T_3.8 ;
    %pushi/vec4 1, 0, 1;
    %store/vec4 v0x1486360a0_0, 0, 1;
    %pushi/vec4 0, 0, 2;
    %store/vec4 v0x148636140_0, 0, 2;
    %jmp T_3.12;
T_3.9 ;
    %pushi/vec4 1, 0, 1;
    %store/vec4 v0x1486360a0_0, 0, 1;
    %pushi/vec4 0, 0, 2;
    %store/vec4 v0x148636140_0, 0, 2;
    %jmp T_3.12;
T_3.10 ;
    %pushi/vec4 0, 0, 1;
    %store/vec4 v0x1486360a0_0, 0, 1;
    %pushi/vec4 0, 0, 2;
    %store/vec4 v0x148636140_0, 0, 2;
    %jmp T_3.12;
T_3.12 ;
    %pop/vec4 1;
    %jmp T_3;
    .thread T_3, $push;
    .scope S_0x1486378e0;
T_4 ;
    %wait E_0x148637630;
    %load/vec4 v0x148638e20_0;
    %flag_set/vec4 8;
    %jmp/0xz  T_4.0, 8;
    %pushi/vec4 0, 0, 32;
    %store/vec4 v0x1486386b0_0, 0, 32;
T_4.2 ;
    %load/vec4 v0x1486386b0_0;
    %cmpi/s 16, 0, 32;
    %jmp/0xz T_4.3, 5;
    %pushi/vec4 0, 0, 32;
    %ix/getv/s 3, v0x1486386b0_0;
    %ix/load 4, 0, 0; Constant delay
    %assign/vec4/a/d v0x148638b30, 0, 4;
    %pushi/vec4 0, 0, 1;
    %ix/getv/s 3, v0x1486386b0_0;
    %ix/load 4, 0, 0; Constant delay
    %assign/vec4/a/d v0x148638740, 0, 4;
    %load/vec4 v0x1486386b0_0;
    %addi 1, 0, 32;
    %store/vec4 v0x1486386b0_0, 0, 32;
    %jmp T_4.2;
T_4.3 ;
    %jmp T_4.1;
T_4.0 ;
    %load/vec4 v0x148638f60_0;
    %flag_set/vec4 8;
    %jmp/0xz  T_4.4, 8;
    %load/vec4 v0x148638ed0_0;
    %load/vec4 v0x148638960_0;
    %pad/u 6;
    %ix/vec4 3;
    %ix/load 4, 0, 0; Constant delay
    %assign/vec4/a/d v0x148638b30, 0, 4;
    %load/vec4 v0x148638ed0_0;
    %xor/r;
    %load/vec4 v0x148638960_0;
    %pad/u 6;
    %ix/vec4 3;
    %ix/load 4, 0, 0; Constant delay
    %assign/vec4/a/d v0x148638740, 0, 4;
T_4.4 ;
T_4.1 ;
    %jmp T_4;
    .thread T_4;
    .scope S_0x148633a10;
T_5 ;
    %wait E_0x148633c60;
    %load/vec4 v0x1486353c0_0;
    %dup/vec4;
    %pushi/vec4 0, 0, 4;
    %cmp/u;
    %jmp/1 T_5.0, 6;
    %dup/vec4;
    %pushi/vec4 1, 0, 4;
    %cmp/u;
    %jmp/1 T_5.1, 6;
    %dup/vec4;
    %pushi/vec4 2, 0, 4;
    %cmp/u;
    %jmp/1 T_5.2, 6;
    %dup/vec4;
    %pushi/vec4 3, 0, 4;
    %cmp/u;
    %jmp/1 T_5.3, 6;
    %dup/vec4;
    %pushi/vec4 4, 0, 4;
    %cmp/u;
    %jmp/1 T_5.4, 6;
    %dup/vec4;
    %pushi/vec4 8, 0, 4;
    %cmp/u;
    %jmp/1 T_5.5, 6;
    %dup/vec4;
    %pushi/vec4 13, 0, 4;
    %cmp/u;
    %jmp/1 T_5.6, 6;
    %dup/vec4;
    %pushi/vec4 14, 0, 4;
    %cmp/u;
    %jmp/1 T_5.7, 6;
    %dup/vec4;
    %pushi/vec4 15, 0, 4;
    %cmp/u;
    %jmp/1 T_5.8, 6;
    %pushi/vec4 0, 0, 32;
    %store/vec4 v0x148635830_0, 0, 32;
    %jmp T_5.10;
T_5.0 ;
    %load/vec4 v0x148634b80_0;
    %load/vec4 v0x148634ef0_0;
    %add;
    %store/vec4 v0x148635830_0, 0, 32;
    %jmp T_5.10;
T_5.1 ;
    %load/vec4 v0x148634b80_0;
    %load/vec4 v0x148634ef0_0;
    %sub;
    %store/vec4 v0x148635830_0, 0, 32;
    %jmp T_5.10;
T_5.2 ;
    %load/vec4 v0x148634b80_0;
    %load/vec4 v0x148634ef0_0;
    %and;
    %store/vec4 v0x148635830_0, 0, 32;
    %jmp T_5.10;
T_5.3 ;
    %load/vec4 v0x148634b80_0;
    %load/vec4 v0x148634ef0_0;
    %or;
    %store/vec4 v0x148635830_0, 0, 32;
    %jmp T_5.10;
T_5.4 ;
    %load/vec4 v0x148634b80_0;
    %load/vec4 v0x148634ef0_0;
    %xor;
    %store/vec4 v0x148635830_0, 0, 32;
    %jmp T_5.10;
T_5.5 ;
    %load/vec4 v0x148635310_0;
    %store/vec4 v0x148635830_0, 0, 32;
    %jmp T_5.10;
T_5.6 ;
    %load/vec4 v0x148635260_0;
    %store/vec4 v0x148635830_0, 0, 32;
    %jmp T_5.10;
T_5.7 ;
    %load/vec4 v0x148635990_0;
    %cmpi/s 4294967232, 0, 32;
    %jmp/0xz  T_5.11, 5;
    %pushi/vec4 128, 0, 32;
    %store/vec4 v0x148635830_0, 0, 32;
    %jmp T_5.12;
T_5.11 ;
    %load/vec4 v0x148635990_0;
    %cmpi/s 64, 0, 32;
    %flag_or 5, 4; GT is !LE
    %flag_inv 5;
    %jmp/0xz  T_5.13, 5;
    %pushi/vec4 127, 0, 32;
    %store/vec4 v0x148635830_0, 0, 32;
    %jmp T_5.14;
T_5.13 ;
    %pushi/vec4 0, 0, 24;
    %load/vec4 v0x1486358e0_0;
    %parti/s 8, 0, 2;
    %concat/vec4; draw_concat_vec4
    %store/vec4 v0x148635830_0, 0, 32;
T_5.14 ;
T_5.12 ;
    %jmp T_5.10;
T_5.8 ;
    %load/vec4 v0x148634b80_0;
    %store/vec4 v0x148635830_0, 0, 32;
    %jmp T_5.10;
T_5.10 ;
    %pop/vec4 1;
    %jmp T_5;
    .thread T_5, $push;
    .scope S_0x148633780;
T_6 ;
    %wait E_0x148637630;
    %load/vec4 v0x14863a520_0;
    %flag_set/vec4 8;
    %jmp/0xz  T_6.0, 8;
    %pushi/vec4 0, 0, 32;
    %assign/vec4 v0x148639470_0, 0;
    %jmp T_6.1;
T_6.0 ;
    %load/vec4 v0x148639e00_0;
    %flag_set/vec4 8;
    %jmp/0xz  T_6.2, 8;
    %load/vec4 v0x148639470_0;
    %load/vec4 v0x14863a2f0_0;
    %add;
    %assign/vec4 v0x148639470_0, 0;
T_6.2 ;
T_6.1 ;
    %jmp T_6;
    .thread T_6;
    .scope S_0x148633780;
T_7 ;
    %wait E_0x1486339b0;
    %load/vec4 v0x14863a680_0;
    %dup/vec4;
    %pushi/vec4 0, 0, 2;
    %cmp/u;
    %jmp/1 T_7.0, 6;
    %dup/vec4;
    %pushi/vec4 1, 0, 2;
    %cmp/u;
    %jmp/1 T_7.1, 6;
    %dup/vec4;
    %pushi/vec4 2, 0, 2;
    %cmp/u;
    %jmp/1 T_7.2, 6;
    %load/vec4 v0x148639690_0;
    %store/vec4 v0x14863a5f0_0, 0, 32;
    %jmp T_7.4;
T_7.0 ;
    %load/vec4 v0x148639690_0;
    %store/vec4 v0x14863a5f0_0, 0, 32;
    %jmp T_7.4;
T_7.1 ;
    %load/vec4 v0x148639b70_0;
    %store/vec4 v0x14863a5f0_0, 0, 32;
    %jmp T_7.4;
T_7.2 ;
    %load/vec4 v0x148639ae0_0;
    %store/vec4 v0x14863a5f0_0, 0, 32;
    %jmp T_7.4;
T_7.4 ;
    %pop/vec4 1;
    %jmp T_7;
    .thread T_7, $push;
    .scope S_0x148610b50;
T_8 ;
    %pushi/vec4 0, 0, 1;
    %store/vec4 v0x14863a710_0, 0, 1;
    %pushi/vec4 1, 0, 1;
    %store/vec4 v0x14863a9b0_0, 0, 1;
    %pushi/vec4 0, 0, 32;
    %store/vec4 v0x14863a7a0_0, 0, 32;
    %end;
    .thread T_8, $init;
    .scope S_0x148610b50;
T_9 ;
    %delay 5000, 0;
    %load/vec4 v0x14863a710_0;
    %inv;
    %store/vec4 v0x14863a710_0, 0, 1;
    %jmp T_9;
    .thread T_9;
    .scope S_0x148610b50;
T_10 ;
    %vpi_call/w 3 22 "$display", "Starting tinyml_risc_cpu simulation" {0 0 0};
    %delay 20000, 0;
    %pushi/vec4 0, 0, 1;
    %store/vec4 v0x14863a9b0_0, 0, 1;
    %end;
    .thread T_10;
    .scope S_0x148610b50;
T_11 ;
    %wait E_0x148637630;
    %load/vec4 v0x14863a9b0_0;
    %flag_set/vec4 8;
    %jmp/0xz  T_11.0, 8;
    %pushi/vec4 0, 0, 32;
    %assign/vec4 v0x14863a7a0_0, 0;
    %vpi_call/w 3 46 "$display", "[RESET] PC=%0d", v0x14863a920_0 {0 0 0};
    %jmp T_11.1;
T_11.0 ;
    %load/vec4 v0x14863a7a0_0;
    %addi 1, 0, 32;
    %assign/vec4 v0x14863a7a0_0, 0;
    %vpi_call/w 3 49 "$display", "---- Cycle %0d ----", v0x14863a7a0_0 {0 0 0};
    %vpi_call/w 3 50 "$display", "PC=%0d (0x%08h) INSTR=0x%08h OPCODE=0x%1h", v0x14863a920_0, v0x14863a920_0, v0x148639c20_0, v0x148639e90_0 {0 0 0};
    %load/vec4 v0x148639690_0;
    %vpi_call/w 3 51 "$display", "ALU=%0d (0x%08h) PARITY_ERR=%b", S<0,vec4,s32>, v0x148639690_0, v0x14863a830_0 {1 0 0};
    %load/vec4 v0x14863a2f0_0;
    %load/vec4 v0x14863a490_0;
    %vpi_call/w 3 52 "$display", "Operands: RS1=R%0d %0d (0x%08h)  RS2=R%0d %0d (0x%08h)", v0x14863a220_0, S<1,vec4,s32>, v0x14863a2f0_0, v0x14863a3c0_0, S<0,vec4,s32>, v0x14863a490_0 {2 0 0};
    %load/vec4 v0x148639470_0;
    %load/vec4 v0x148639470_0;
    %load/vec4 v0x148639e90_0;
    %cmpi/e 15, 0, 4;
    %flag_mov 8, 4;
    %jmp/0 T_11.2, 8;
    %load/vec4 v0x14863a2f0_0;
    %jmp/1 T_11.3, 8;
T_11.2 ; End of true expr.
    %pushi/vec4 0, 0, 32;
    %jmp/0 T_11.3, 8;
 ; End of false expr.
    %blend;
T_11.3;
    %add;
    %vpi_call/w 3 53 "$display", "Accumulator state: curr=%0d next_if_acc=%0d", S<1,vec4,s32>, S<0,vec4,s32> {2 0 0};
    %load/vec4 v0x148639690_0;
    %load/vec4 v0x148639470_0;
    %load/vec4 v0x14863a2f0_0;
    %load/vec4 v0x14863a490_0;
    %vpi_call/w 3 54 "$display", "TRACE cycle=%0d pc=%0d opcode=%0h alu=%0d acc=%0d rs1=%0d rs2=%0d", v0x14863a7a0_0, v0x14863a920_0, v0x148639e90_0, S<3,vec4,s32>, S<2,vec4,s32>, S<1,vec4,s32>, S<0,vec4,s32> {4 0 0};
    %alloc S_0x14861ac10;
    %fork TD_cpu_tb.display_registers, S_0x14861ac10;
    %join;
    %free S_0x14861ac10;
    %load/vec4 v0x148639e90_0;
    %cmpi/e 8, 0, 4;
    %jmp/0xz  T_11.4, 4;
    %load/vec4 v0x148639690_0;
    %vpi_call/w 3 58 "$display", "   -> MAC4 executing: result=%0d (0x%08h)", S<0,vec4,s32>, v0x148639690_0 {1 0 0};
T_11.4 ;
    %load/vec4 v0x148639e90_0;
    %cmpi/e 13, 0, 4;
    %jmp/0xz  T_11.6, 4;
    %load/vec4 v0x14863a2f0_0;
    %load/vec4 v0x14863a490_0;
    %load/vec4 v0x148639690_0;
    %vpi_call/w 3 61 "$display", "   -> CONV3 r%0d=%0d r%0d=%0d result=%0d", v0x14863a220_0, S<2,vec4,s32>, v0x14863a3c0_0, S<1,vec4,s32>, S<0,vec4,s32> {3 0 0};
T_11.6 ;
    %load/vec4 v0x148639e90_0;
    %cmpi/e 14, 0, 4;
    %jmp/0xz  T_11.8, 4;
    %load/vec4 v0x14863a2f0_0;
    %load/vec4 v0x148639690_0;
    %parti/s 8, 0, 2;
    %vpi_call/w 3 64 "$display", "   -> SIGMOID input=%0d output=%0d (0x%02h)", S<1,vec4,s32>, S<0,vec4,s8>, &PV<v0x148639690_0, 0, 8> {2 0 0};
T_11.8 ;
    %load/vec4 v0x148639e90_0;
    %cmpi/e 15, 0, 4;
    %jmp/0xz  T_11.10, 4;
    %load/vec4 v0x14863a2f0_0;
    %load/vec4 v0x148639470_0;
    %load/vec4 v0x148639470_0;
    %load/vec4 v0x14863a2f0_0;
    %add;
    %vpi_call/w 3 67 "$display", "   -> ACC input=R%0d=%0d accum_before=%0d accum_after=%0d", v0x14863a220_0, S<2,vec4,s32>, S<1,vec4,s32>, S<0,vec4,s32> {3 0 0};
T_11.10 ;
    %load/vec4 v0x14863a920_0;
    %cmpi/u 80, 0, 32;
    %flag_inv 5; GE is !LT
    %jmp/0xz  T_11.12, 5;
    %vpi_call/w 3 71 "$display", "Program complete." {0 0 0};
    %ix/load 4, 3, 0;
    %flag_set/imm 4, 0;
    %load/vec4a v0x148638b30, 4;
    %vpi_call/w 3 72 "$display", "   MAC4 result  : R3=%0d (0x%08h)", S<0,vec4,s32>, &A<v0x148638b30, 3> {1 0 0};
    %ix/load 4, 6, 0;
    %flag_set/imm 4, 0;
    %load/vec4a v0x148638b30, 4;
    %vpi_call/w 3 73 "$display", "   CONV3 result : R6=%0d (0x%08h)", S<0,vec4,s32>, &A<v0x148638b30, 6> {1 0 0};
    %ix/load 4, 8, 0;
    %flag_set/imm 4, 0;
    %load/vec4a v0x148638b30, 4;
    %parti/s 8, 0, 2;
    %vpi_call/w 3 74 "$display", "   SIGMOID (+)  : R8=%0d (0x%08h)", S<0,vec4,s8>, &A<v0x148638b30, 8> {1 0 0};
    %ix/load 4, 10, 0;
    %flag_set/imm 4, 0;
    %load/vec4a v0x148638b30, 4;
    %parti/s 8, 0, 2;
    %vpi_call/w 3 75 "$display", "   SIGMOID (-)  : R10=%0d (0x%08h)", S<0,vec4,s8>, &A<v0x148638b30, 10> {1 0 0};
    %load/vec4 v0x148639470_0;
    %vpi_call/w 3 76 "$display", "   ACC final    : %0d (0x%08h)", S<0,vec4,s32>, v0x148639470_0 {1 0 0};
    %vpi_call/w 3 77 "$finish" {0 0 0};
T_11.12 ;
T_11.1 ;
    %jmp T_11;
    .thread T_11;
    .scope S_0x148610b50;
T_12 ;
    %delay 500000, 0;
    %vpi_call/w 3 84 "$display", "Timeout - terminating simulation" {0 0 0};
    %vpi_call/w 3 85 "$finish" {0 0 0};
    %end;
    .thread T_12;
# The file index is used to find the file name in the following table.
:file_names 11;
    "N/A";
    "<interactive>";
    "-";
    "tb/cpu_tb.v";
    "rtl/cpu_top.v";
    "rtl/alu.v";
    "rtl/control_unit.v";
    "rtl/decoder.v";
    "rtl/instruction_memory.v";
    "rtl/pc.v";
    "rtl/regfile.v";
